<?xml version="1.0" encoding="UTF-8"?>
<!-- Generated by org.testng.reporters.JUnitReportReporter -->
<testsuite hostname="DESKTOP-1HICKEJ" failures="0" tests="1" name="test.SalesPageValidation3" time="7.359" errors="0" timestamp="4 Sep 2020 08:56:09 GMT">
  <testcase classname="test.SalesPageValidation3" name="FilterChck" time="7.359"/>
</testsuite> <!-- test.SalesPageValidation3 -->
