<?xml version="1.0" encoding="UTF-8"?>
<!-- Generated by org.testng.reporters.JUnitReportReporter -->
<testsuite hostname="DESKTOP-1HICKEJ" failures="0" tests="2" name="test.FormValidationCheck" time="6.855" errors="0" timestamp="4 Sep 2020 08:56:09 GMT">
  <testcase classname="test.FormValidationCheck" name="RequiredFieldCheck" time="4.798"/>
  <testcase classname="test.FormValidationCheck" name="ValidationCheckLogin" time="2.057"/>
</testsuite> <!-- test.FormValidationCheck -->
