<?xml version="1.0" encoding="UTF-8"?>
<!-- Generated by org.testng.reporters.JUnitReportReporter -->
<testsuite hostname="DESKTOP-1HICKEJ" failures="0" tests="1" name="test.SalesPageValidation3" time="7.547" errors="0" timestamp="2020-09-04T10:54:58 CEST" skipped="0">
  <testcase classname="test.SalesPageValidation3" name="FilterChck" time="7.547"/>
  <system-out/>
</testsuite> <!-- test.SalesPageValidation3 -->
