<?xml version="1.0" encoding="UTF-8"?>
<!-- Generated by org.testng.reporters.JUnitReportReporter -->
<testsuite hostname="DESKTOP-1HICKEJ" failures="0" tests="2" name="test.FormValidationCheck" time="6.857" errors="0" timestamp="2020-09-04T10:54:58 CEST" skipped="0">
  <testcase classname="test.FormValidationCheck" name="ValidationCheckLogin" time="2.084"/>
  <system-out/>
  <testcase classname="test.FormValidationCheck" name="RequiredFieldCheck" time="4.773"/>
  <system-out/>
</testsuite> <!-- test.FormValidationCheck -->
