<?xml version="1.0" encoding="UTF-8"?>
<!-- Generated by org.testng.reporters.JUnitReportReporter -->
<testsuite hostname="DESKTOP-1HICKEJ" failures="0" tests="1" name="test.SalesPageValidation3" time="7.943" errors="0" timestamp="3 Sep 2020 22:30:02 GMT">
  <testcase classname="test.SalesPageValidation3" name="FilterChck" time="7.943"/>
</testsuite> <!-- test.SalesPageValidation3 -->
